<?xml version="1.0" encoding="UTF-8"?>
<!-- Generated by org.testng.reporters.JUnitXMLReporter -->
<testsuite hostname="Lowetu" ignored="0" name="test1" tests="2" failures="1" timestamp="19 十一月 2017 09:52:03 GMT" time="0.036" errors="0">
  <testcase name="f1" time="0.01" classname="com.UIframework.Class2.CalcTest">
    <failure type="java.lang.AssertionError" message="f1 expected [false] but found [true]">
      <![CDATA[java.lang.AssertionError: f1 expected [false] but found [true]
	at com.UIframework.Class2.CalcTest.f1(CalcTest.java:14)
... Removed 28 stack frames]]>
    </failure>
  </testcase> <!-- f1 -->
  <testcase name="f2" time="0.002" classname="com.UIframework.Class2.CalcTest"/>
</testsuite> <!-- test1 -->
